  unitadmin.cpp
  trapdataadmin.cpp
  trapdata.cpp
  sectionadmin.cpp
  room.cpp
  player.cpp
  minimap.cpp
  messageadmin.cpp
  mapadmin.cpp
  map.cpp
  loaddatabase.cpp
  graphic.cpp
c:\users\inaya\desktop\データ\rogue-like\graphic.cpp(95): warning C4244: '初期化中': 'int' から 'float' への変換です。データが失われる可能性があります。
c:\users\inaya\desktop\データ\rogue-like\graphic.cpp(96): warning C4244: '初期化中': 'int' から 'float' への変換です。データが失われる可能性があります。
c:\users\inaya\desktop\データ\rogue-like\graphic.cpp(108): warning C4244: '引数': 'float' から 'int' への変換です。データが失われる可能性があります。
c:\users\inaya\desktop\データ\rogue-like\graphic.cpp(110): warning C4244: '引数': 'float' から 'int' への変換です。データが失われる可能性があります。
c:\users\inaya\desktop\データ\rogue-like\graphic.cpp(111): warning C4244: '引数': 'float' から 'int' への変換です。データが失われる可能性があります。
c:\users\inaya\desktop\データ\rogue-like\graphic.cpp(112): warning C4244: '引数': 'float' から 'int' への変換です。データが失われる可能性があります。
c:\users\inaya\desktop\データ\rogue-like\graphic.cpp(113): warning C4244: '引数': 'float' から 'int' への変換です。データが失われる可能性があります。
  floordata.cpp
  dungeondifficulty.cpp
  dungeondataadmin.cpp
  dungeondata.cpp
  cellimage.cpp
  celldataadmin.cpp
  cell.cpp
  camera.cpp
  コードを生成中...
  コンパイル中...
  autocellimage.cpp
  コードを生成中...
  コンパイル中...
  useitem.cpp
  unitdata.cpp
  unit.cpp
  trapprocess.cpp
c:\users\inaya\desktop\データ\rogue-like\trapprocess.h(25): error C2039: 'TRAPTYPE': 'TrapData' のメンバーではありません。
  c:\users\inaya\desktop\データ\rogue-like\trapdata.h(8): note: 'TrapData' の宣言を確認してください
c:\users\inaya\desktop\データ\rogue-like\trapprocess.cpp(26): error C2039: 'TRAPTYPE': 'TrapData' のメンバーではありません。
  c:\users\inaya\desktop\データ\rogue-like\trapdata.h(8): note: 'TrapData' の宣言を確認してください
c:\users\inaya\desktop\データ\rogue-like\trapprocess.cpp(27): error C3083: 'TRAPTYPE': '::' の左側のシンボルには、型を指定しなければなりません
c:\users\inaya\desktop\データ\rogue-like\trapprocess.cpp(27): error C2039: 'NEEDLE': 'TrapData' のメンバーではありません。
  c:\users\inaya\desktop\データ\rogue-like\trapdata.h(8): note: 'TrapData' の宣言を確認してください
c:\users\inaya\desktop\データ\rogue-like\trapprocess.cpp(27): error C2065: 'NEEDLE': 定義されていない識別子です。
c:\users\inaya\desktop\データ\rogue-like\trapprocess.cpp(30): error C3083: 'TRAPTYPE': '::' の左側のシンボルには、型を指定しなければなりません
c:\users\inaya\desktop\データ\rogue-like\trapprocess.cpp(30): error C2039: 'BOMB': 'TrapData' のメンバーではありません。
  c:\users\inaya\desktop\データ\rogue-like\trapdata.h(8): note: 'TrapData' の宣言を確認してください
c:\users\inaya\desktop\データ\rogue-like\trapprocess.cpp(30): error C2065: 'BOMB': 定義されていない識別子です。
c:\users\inaya\desktop\データ\rogue-like\trapprocess.cpp(33): error C3083: 'TRAPTYPE': '::' の左側のシンボルには、型を指定しなければなりません
c:\users\inaya\desktop\データ\rogue-like\trapprocess.cpp(33): error C2039: 'WARP': 'TrapData' のメンバーではありません。
  c:\users\inaya\desktop\データ\rogue-like\trapdata.h(8): note: 'TrapData' の宣言を確認してください
c:\users\inaya\desktop\データ\rogue-like\trapprocess.cpp(33): error C2065: 'WARP': 定義されていない識別子です。
c:\users\inaya\desktop\データ\rogue-like\trapprocess.cpp(36): error C3083: 'TRAPTYPE': '::' の左側のシンボルには、型を指定しなければなりません
c:\users\inaya\desktop\データ\rogue-like\trapprocess.cpp(36): error C2039: 'HUNGER': 'TrapData' のメンバーではありません。
  c:\users\inaya\desktop\データ\rogue-like\trapdata.h(8): note: 'TrapData' の宣言を確認してください
c:\users\inaya\desktop\データ\rogue-like\trapprocess.cpp(36): error C2065: 'HUNGER': 定義されていない識別子です。
c:\users\inaya\desktop\データ\rogue-like\trapprocess.cpp(39): error C3083: 'TRAPTYPE': '::' の左側のシンボルには、型を指定しなければなりません
c:\users\inaya\desktop\データ\rogue-like\trapprocess.cpp(39): error C2039: 'WEAPON_WARP': 'TrapData' のメンバーではありません。
  c:\users\inaya\desktop\データ\rogue-like\trapdata.h(8): note: 'TrapData' の宣言を確認してください
c:\users\inaya\desktop\データ\rogue-like\trapprocess.cpp(39): error C2065: 'WEAPON_WARP': 定義されていない識別子です。
  tilesetadmin.cpp
  tileset.cpp
c:\users\inaya\desktop\データ\rogue-like\tileset.cpp(131): error C2065: 'ZOOM': 定義されていない識別子です。
c:\users\inaya\desktop\データ\rogue-like\tileset.cpp(133): error C2065: 'ZOOM': 定義されていない識別子です。
  tileimage.cpp
  statusitemdata.cpp
  status.cpp
  stagefloorobjectpropety.cpp
  simpletileimage.cpp
c:\users\inaya\desktop\データ\rogue-like\simpletileimage.cpp(17): error C2065: 'ZOOM': 定義されていない識別子です。
c:\users\inaya\desktop\データ\rogue-like\simpletileimage.cpp(17): error C2660: 'DxLib::DerivationGraph': 関数に 2 個の引数を指定できません。
  selectboxadmin.cpp
  selectbox.cpp
  section.cpp
  road.cpp
  putoff.cpp
  objectgenerator.cpp
c:\users\inaya\desktop\データ\rogue-like\objectgenerator.cpp(96): warning C4154: 配列の delete が定義されていません。配列は、ポインターに変換されます。
c:\users\inaya\desktop\データ\rogue-like\objectgenerator.cpp(97): warning C4154: 配列の delete が定義されていません。配列は、ポインターに変換されます。
  objectdataadmin.cpp
c:\users\inaya\desktop\データ\rogue-like\objectdataadmin.cpp(82): warning C4018: '<': signed と unsigned の数値を比較しようとしました。
c:\users\inaya\desktop\データ\rogue-like\objectdataadmin.cpp(86): warning C4018: '<': signed と unsigned の数値を比較しようとしました。
c:\users\inaya\desktop\データ\rogue-like\objectdataadmin.cpp(128): warning C4018: '<': signed と unsigned の数値を比較しようとしました。
c:\users\inaya\desktop\データ\rogue-like\objectdataadmin.cpp(132): warning C4018: '<': signed と unsigned の数値を比較しようとしました。
c:\users\inaya\desktop\データ\rogue-like\objectdataadmin.cpp(178): warning C4018: '<': signed と unsigned の数値を比較しようとしました。
c:\users\inaya\desktop\データ\rogue-like\objectdataadmin.cpp(182): warning C4018: '<': signed と unsigned の数値を比較しようとしました。
  objectdata.cpp
  object.cpp
  コードを生成中...
  コンパイル中...
  message.cpp
  menu.cpp
  maketilegraphic.cpp
c:\users\inaya\desktop\データ\rogue-like\maketilegraphic.cpp(58): error C2660: 'Cell::SetGraphicHandle': 関数に 3 個の引数を指定できません。
c:\users\inaya\desktop\データ\rogue-like\maketilegraphic.cpp(60): error C2039: 'SetAnime': 'Cell' のメンバーではありません。
  c:\users\inaya\desktop\データ\rogue-like\cell.h(10): note: 'Cell' の宣言を確認してください
c:\users\inaya\desktop\データ\rogue-like\maketilegraphic.cpp(67): error C2660: 'Cell::SetGraphicHandle': 関数に 3 個の引数を指定できません。
c:\users\inaya\desktop\データ\rogue-like\maketilegraphic.cpp(69): error C2039: 'SetAnime': 'Cell' のメンバーではありません。
  c:\users\inaya\desktop\データ\rogue-like\cell.h(10): note: 'Cell' の宣言を確認してください
  main.cpp
c:\users\inaya\desktop\データ\rogue-like\trapprocess.h(25): error C2039: 'TRAPTYPE': 'TrapData' のメンバーではありません。
  c:\users\inaya\desktop\データ\rogue-like\trapdata.h(8): note: 'TrapData' の宣言を確認してください
c:\users\inaya\desktop\データ\rogue-like\main.cpp(112): error C2660: 'MapAdmin::Init': 関数に 5 個の引数を指定できません。
c:\users\inaya\desktop\データ\rogue-like\main.cpp(122): error C2660: 'LoadDataBase::Init': 関数に 1 個の引数を指定できません。
  listbox.cpp
  itemstockadmin.cpp
  itemstock.cpp
  iteminventory.cpp
  itemdeal.cpp
  itemdataadmin.cpp
  itemdata.cpp
  itemadmin.cpp
  item.cpp
  explain.cpp
  equipmentadmin.cpp
  equipment.cpp
  equipitemdata.cpp
  equipbox.cpp
  enemy.cpp
  drawdungeon.cpp
  コードを生成中...
  コンパイル中...
  cellgraphic.cpp
  celldata.cpp
  autotileimage.cpp
c:\users\inaya\desktop\データ\rogue-like\autotileimage.cpp(21): error C2065: 'ZOOM': 定義されていない識別子です。
c:\users\inaya\desktop\データ\rogue-like\autotileimage.cpp(22): error C2065: 'ZOOM': 定義されていない識別子です。
  artificialintelligence.cpp
  コードを生成中...
